<?xml version="1.0" encoding="UTF-8"?>
<testsuite name="com.github.ricardomedeirosdacostajunior.transactions.TransactionsApplicationTests" tests="1" skipped="0" failures="0" errors="0" timestamp="2020-05-30T17:12:00" hostname="treasy-Lenovo-ideapad-310-15ISK" time="0.359">
  <properties/>
  <testcase name="contextLoads()" classname="com.github.ricardomedeirosdacostajunior.transactions.TransactionsApplicationTests" time="0.359"/>
  <system-out><![CDATA[14:11:59.090 [Test worker] DEBUG org.springframework.test.context.BootstrapUtils - Instantiating CacheAwareContextLoaderDelegate from class [org.springframework.test.context.cache.DefaultCacheAwareContextLoaderDelegate]
14:11:59.102 [Test worker] DEBUG org.springframework.test.context.BootstrapUtils - Instantiating BootstrapContext using constructor [public org.springframework.test.context.support.DefaultBootstrapContext(java.lang.Class,org.springframework.test.context.CacheAwareContextLoaderDelegate)]
14:11:59.133 [Test worker] DEBUG org.springframework.test.context.BootstrapUtils - Instantiating TestContextBootstrapper for test class [com.github.ricardomedeirosdacostajunior.transactions.TransactionsApplicationTests] from class [org.springframework.boot.test.context.SpringBootTestContextBootstrapper]
14:11:59.150 [Test worker] INFO org.springframework.boot.test.context.SpringBootTestContextBootstrapper - Neither @ContextConfiguration nor @ContextHierarchy found for test class [com.github.ricardomedeirosdacostajunior.transactions.TransactionsApplicationTests], using SpringBootContextLoader
14:11:59.155 [Test worker] DEBUG org.springframework.test.context.support.AbstractContextLoader - Did not detect default resource location for test class [com.github.ricardomedeirosdacostajunior.transactions.TransactionsApplicationTests]: class path resource [com/github/ricardomedeirosdacostajunior/transactions/TransactionsApplicationTests-context.xml] does not exist
14:11:59.156 [Test worker] DEBUG org.springframework.test.context.support.AbstractContextLoader - Did not detect default resource location for test class [com.github.ricardomedeirosdacostajunior.transactions.TransactionsApplicationTests]: class path resource [com/github/ricardomedeirosdacostajunior/transactions/TransactionsApplicationTestsContext.groovy] does not exist
14:11:59.157 [Test worker] INFO org.springframework.test.context.support.AbstractContextLoader - Could not detect default resource locations for test class [com.github.ricardomedeirosdacostajunior.transactions.TransactionsApplicationTests]: no resource found for suffixes {-context.xml, Context.groovy}.
14:11:59.158 [Test worker] INFO org.springframework.test.context.support.AnnotationConfigContextLoaderUtils - Could not detect default configuration classes for test class [com.github.ricardomedeirosdacostajunior.transactions.TransactionsApplicationTests]: TransactionsApplicationTests does not declare any static, non-private, non-final, nested classes annotated with @Configuration.
14:11:59.192 [Test worker] DEBUG org.springframework.test.context.support.ActiveProfilesUtils - Could not find an 'annotation declaring class' for annotation type [org.springframework.test.context.ActiveProfiles] and class [com.github.ricardomedeirosdacostajunior.transactions.TransactionsApplicationTests]
14:11:59.246 [Test worker] DEBUG org.springframework.context.annotation.ClassPathScanningCandidateComponentProvider - Identified candidate component class: file [/home/treasy/dev/projects/transactions/build/classes/java/main/com/github/ricardomedeirosdacostajunior/transactions/TransactionsApplication.class]
14:11:59.248 [Test worker] INFO org.springframework.boot.test.context.SpringBootTestContextBootstrapper - Found @SpringBootConfiguration com.github.ricardomedeirosdacostajunior.transactions.TransactionsApplication for test class com.github.ricardomedeirosdacostajunior.transactions.TransactionsApplicationTests
14:11:59.339 [Test worker] DEBUG org.springframework.boot.test.context.SpringBootTestContextBootstrapper - @TestExecutionListeners is not present for class [com.github.ricardomedeirosdacostajunior.transactions.TransactionsApplicationTests]: using defaults.
14:11:59.340 [Test worker] INFO org.springframework.boot.test.context.SpringBootTestContextBootstrapper - Loaded default TestExecutionListener class names from location [META-INF/spring.factories]: [org.springframework.boot.test.autoconfigure.restdocs.RestDocsTestExecutionListener, org.springframework.boot.test.autoconfigure.web.client.MockRestServiceServerResetTestExecutionListener, org.springframework.boot.test.autoconfigure.web.servlet.MockMvcPrintOnlyOnFailureTestExecutionListener, org.springframework.boot.test.autoconfigure.web.servlet.WebDriverTestExecutionListener, org.springframework.boot.test.autoconfigure.webservices.client.MockWebServiceServerTestExecutionListener, org.springframework.boot.test.mock.mockito.MockitoTestExecutionListener, org.springframework.boot.test.mock.mockito.ResetMocksTestExecutionListener, org.springframework.test.context.web.ServletTestExecutionListener, org.springframework.test.context.support.DirtiesContextBeforeModesTestExecutionListener, org.springframework.test.context.support.DependencyInjectionTestExecutionListener, org.springframework.test.context.support.DirtiesContextTestExecutionListener, org.springframework.test.context.transaction.TransactionalTestExecutionListener, org.springframework.test.context.jdbc.SqlScriptsTestExecutionListener, org.springframework.test.context.event.EventPublishingTestExecutionListener]
14:11:59.350 [Test worker] DEBUG org.springframework.boot.test.context.SpringBootTestContextBootstrapper - Skipping candidate TestExecutionListener [org.springframework.test.context.web.ServletTestExecutionListener] due to a missing dependency. Specify custom listener classes or make the default listener classes and their required dependencies available. Offending class: [javax.servlet.ServletContext]
14:11:59.352 [Test worker] DEBUG org.springframework.boot.test.context.SpringBootTestContextBootstrapper - Skipping candidate TestExecutionListener [org.springframework.test.context.transaction.TransactionalTestExecutionListener] due to a missing dependency. Specify custom listener classes or make the default listener classes and their required dependencies available. Offending class: [org.springframework.transaction.interceptor.TransactionAttributeSource]
14:11:59.352 [Test worker] DEBUG org.springframework.boot.test.context.SpringBootTestContextBootstrapper - Skipping candidate TestExecutionListener [org.springframework.test.context.jdbc.SqlScriptsTestExecutionListener] due to a missing dependency. Specify custom listener classes or make the default listener classes and their required dependencies available. Offending class: [org.springframework.transaction.interceptor.TransactionAttribute]
14:11:59.353 [Test worker] INFO org.springframework.boot.test.context.SpringBootTestContextBootstrapper - Using TestExecutionListeners: [org.springframework.test.context.support.DirtiesContextBeforeModesTestExecutionListener@cea78fa, org.springframework.boot.test.mock.mockito.MockitoTestExecutionListener@1aff1f59, org.springframework.boot.test.autoconfigure.SpringBootDependencyInjectionTestExecutionListener@1a721b98, org.springframework.test.context.support.DirtiesContextTestExecutionListener@73c07287, org.springframework.test.context.event.EventPublishingTestExecutionListener@5e3164c1, org.springframework.boot.test.autoconfigure.restdocs.RestDocsTestExecutionListener@444ef5a8, org.springframework.boot.test.autoconfigure.web.client.MockRestServiceServerResetTestExecutionListener@de8a0546, org.springframework.boot.test.autoconfigure.web.servlet.MockMvcPrintOnlyOnFailureTestExecutionListener@ff807521, org.springframework.boot.test.autoconfigure.web.servlet.WebDriverTestExecutionListener@a1925329, org.springframework.boot.test.autoconfigure.webservices.client.MockWebServiceServerTestExecutionListener@3b09291b, org.springframework.boot.test.mock.mockito.ResetMocksTestExecutionListener@432257a9]
14:11:59.357 [Test worker] DEBUG org.springframework.test.context.support.AbstractDirtiesContextTestExecutionListener - Before test class: context [DefaultTestContext@58dd70f4 testClass = TransactionsApplicationTests, testInstance = [null], testMethod = [null], testException = [null], mergedContextConfiguration = [MergedContextConfiguration@384d2d45 testClass = TransactionsApplicationTests, locations = '{}', classes = '{class com.github.ricardomedeirosdacostajunior.transactions.TransactionsApplication}', contextInitializerClasses = '[]', activeProfiles = '{}', propertySourceLocations = '{}', propertySourceProperties = '{org.springframework.boot.test.context.SpringBootTestContextBootstrapper=true}', contextCustomizers = set[org.springframework.boot.test.autoconfigure.properties.PropertyMappingContextCustomizer@0, org.springframework.boot.test.autoconfigure.web.servlet.WebDriverContextCustomizerFactory$Customizer@bd2ceb0b, org.springframework.boot.test.context.filter.ExcludeFilterContextCustomizer@878a2041, org.springframework.boot.test.json.DuplicateJsonObjectContextCustomizerFactory$DuplicateJsonObjectContextCustomizer@46c34009, org.springframework.boot.test.mock.mockito.MockitoContextCustomizer@0, org.springframework.boot.test.web.client.TestRestTemplateContextCustomizer@b902eef5, org.springframework.boot.test.context.SpringBootTestArgs@1], contextLoader = 'org.springframework.boot.test.context.SpringBootContextLoader', parent = [null]], attributes = map[[empty]]], class annotated with @DirtiesContext [false] with mode [null].
14:11:59.366 [Test worker] DEBUG org.springframework.test.context.support.DependencyInjectionTestExecutionListener - Performing dependency injection for test context [[DefaultTestContext@58dd70f4 testClass = TransactionsApplicationTests, testInstance = com.github.ricardomedeirosdacostajunior.transactions.TransactionsApplicationTests@7cd0f310, testMethod = [null], testException = [null], mergedContextConfiguration = [MergedContextConfiguration@384d2d45 testClass = TransactionsApplicationTests, locations = '{}', classes = '{class com.github.ricardomedeirosdacostajunior.transactions.TransactionsApplication}', contextInitializerClasses = '[]', activeProfiles = '{}', propertySourceLocations = '{}', propertySourceProperties = '{org.springframework.boot.test.context.SpringBootTestContextBootstrapper=true}', contextCustomizers = set[org.springframework.boot.test.autoconfigure.properties.PropertyMappingContextCustomizer@0, org.springframework.boot.test.autoconfigure.web.servlet.WebDriverContextCustomizerFactory$Customizer@bd2ceb0b, org.springframework.boot.test.context.filter.ExcludeFilterContextCustomizer@878a2041, org.springframework.boot.test.json.DuplicateJsonObjectContextCustomizerFactory$DuplicateJsonObjectContextCustomizer@46c34009, org.springframework.boot.test.mock.mockito.MockitoContextCustomizer@0, org.springframework.boot.test.web.client.TestRestTemplateContextCustomizer@b902eef5, org.springframework.boot.test.context.SpringBootTestArgs@1], contextLoader = 'org.springframework.boot.test.context.SpringBootContextLoader', parent = [null]], attributes = map[[empty]]]].
14:11:59.385 [Test worker] DEBUG org.springframework.test.context.support.TestPropertySourceUtils - Adding inlined properties to environment: {spring.jmx.enabled=false, org.springframework.boot.test.context.SpringBootTestContextBootstrapper=true}

  .   ____          _            __ _ _
 /\\ / ___'_ __ _ _(_)_ __  __ _ \ \ \ \
( ( )\___ | '_ | '_| | '_ \/ _` | \ \ \ \
 \\/  ___)| |_)| | | | | || (_| |  ) ) ) )
  '  |____| .__|_| |_|_| |_\__, | / / / /
 =========|_|==============|___/=/_/_/_/
 :: Spring Boot ::        (v2.3.0.RELEASE)

2020-05-30 14:11:59.600  INFO 15358 --- [    Test worker] c.g.r.t.TransactionsApplicationTests     : Starting TransactionsApplicationTests on treasy-Lenovo-ideapad-310-15ISK with PID 15358 (started by ricardo in /home/treasy/dev/projects/transactions)
2020-05-30 14:11:59.603  INFO 15358 --- [    Test worker] c.g.r.t.TransactionsApplicationTests     : No active profile set, falling back to default profiles: default
2020-05-30 14:12:00.102  INFO 15358 --- [    Test worker] c.g.r.t.TransactionsApplicationTests     : Started TransactionsApplicationTests in 0.714 seconds (JVM running for 1.669)
]]></system-out>
  <system-err><![CDATA[]]></system-err>
</testsuite>
